<?xml version="1.0" encoding="UTF-8"?>
<!-- Generated by org.testng.reporters.JUnitReportReporter -->
<testsuite hostname="FFE-Shaikh-Tabrez" failures="0" tests="1" name="TestCase03" time="12.315" errors="0" timestamp="2024-05-02T12:25:54 IST" skipped="0">
  <testcase classname="TestCase03" name="royalTestCase" time="12.315"/>
  <system-out>
    <![CDATA[RoyalEnfield Motorcycle Page is  Displayed..]]>
  </system-out>
</testsuite> <!-- TestCase03 -->
