<?xml version="1.0" encoding="UTF-8"?>
<!-- Generated by org.testng.reporters.JUnitReportReporter -->
<testsuite hostname="FFE-Shaikh-Tabrez" failures="0" tests="1" name="TestCase01" time="9.358" errors="0" timestamp="2024-05-02T12:30:36 IST" skipped="0">
  <testcase classname="TestCase01" name="ktmTestCase" time="9.358"/>
  <system-out>
    <![CDATA[Ktm test case is Failed..]]>
  </system-out>
</testsuite> <!-- TestCase01 -->
