<?xml version="1.0" encoding="UTF-8"?>
<!-- Generated by org.testng.reporters.JUnitReportReporter -->
<testsuite hostname="FFE-Shaikh-Tabrez" failures="0" tests="1" name="TestCase02" time="8.130" errors="0" timestamp="2024-05-02T12:27:52 IST" skipped="0">
  <testcase classname="TestCase02" name="javTestCase" time="8.130"/>
  <system-out>
    <![CDATA[Jawa Page is  Displayed..]]>
  </system-out>
</testsuite> <!-- TestCase02 -->
